{"/Users/mac/neocentra-bank/neocentra-bank-shared/src/components/ui/button.tsx": {"path":"/Users/mac/neocentra-bank/neocentra-bank-shared/src/components/ui/button.tsx","statementMap":{"0":{"start":{"line":6,"column":6},"end":{"line":28,"column":null}},"1":{"start":{"line":36,"column":22},"end":{"line":47,"column":null}},"2":{"start":{"line":38,"column":17},"end":{"line":38,"column":null}},"3":{"start":{"line":39,"column":4},"end":{"line":44,"column":null}},"4":{"start":{"line":48,"column":0},"end":{"line":48,"column":null}}},"fnMap":{"0":{"name":"(anonymous_0)","decl":{"start":{"line":36,"column":28},"end":{"line":36,"column":null}},"loc":{"start":{"line":37,"column":68},"end":{"line":46,"column":null}},"line":37}},"branchMap":{"0":{"loc":{"start":{"line":37,"column":31},"end":{"line":37,"column":48}},"type":"default-arg","locations":[{"start":{"line":37,"column":41},"end":{"line":37,"column":48}}],"line":37},"1":{"loc":{"start":{"line":38,"column":17},"end":{"line":38,"column":null}},"type":"cond-expr","locations":[{"start":{"line":38,"column":27},"end":{"line":38,"column":34}},{"start":{"line":38,"column":34},"end":{"line":38,"column":null}}],"line":38}},"s":{"0":1,"1":1,"2":4,"3":4,"4":1},"f":{"0":4},"b":{"0":[4],"1":[0,4]},"meta":{"lastBranch":2,"lastFunction":1,"lastStatement":5,"seen":{"s:6:6:28:Infinity":0,"s:36:22:47:Infinity":1,"f:36:28:36:Infinity":0,"b:37:41:37:48":0,"s:38:17:38:Infinity":2,"b:38:27:38:34:38:34:38:Infinity":1,"s:39:4:44:Infinity":3,"s:48:0:48:Infinity":4},"fnNames":{}}}
,"/Users/mac/neocentra-bank/neocentra-bank-shared/src/lib/utils.ts": {"path":"/Users/mac/neocentra-bank/neocentra-bank-shared/src/lib/utils.ts","statementMap":{"0":{"start":{"line":5,"column":2},"end":{"line":5,"column":null}}},"fnMap":{"0":{"name":"cn","decl":{"start":{"line":4,"column":16},"end":{"line":4,"column":19}},"loc":{"start":{"line":4,"column":44},"end":{"line":6,"column":null}},"line":4}},"branchMap":{},"s":{"0":4},"f":{"0":4},"b":{},"meta":{"lastBranch":0,"lastFunction":1,"lastStatement":1,"seen":{"f:4:16:4:19":0,"s:5:2:5:Infinity":0},"fnNames":{}}}
}
